<?xml version="1.0" encoding="UTF-8"?>
<!-- Generated by org.testng.reporters.JUnitXMLReporter -->
<testsuite ignored="0" hostname="MAC-QA-MOHIT.local" failures="0" tests="5" name="Surefire test" time="9.065" errors="0" timestamp="2023-02-19T19:52:12 IST">
  <testcase classname="com.spotify.oauth2.tests.PlaylistTests" name="ShouldNotBeAbleToCreateAPlaylistWithExpiredToken" time="7.802"/>
  <testcase classname="com.spotify.oauth2.tests.PlaylistTests" name="ShouldNotBeAbleToCreateAPlaylistWithoutName" time="8.7"/>
  <testcase classname="com.spotify.oauth2.tests.PlaylistTests" name="ShouldBeAbleToUpdateAPlaylist" time="8.789"/>
  <testcase classname="com.spotify.oauth2.tests.PlaylistTests" name="ShouldBeAbleToGetAPlaylist" time="8.808"/>
  <testcase classname="com.spotify.oauth2.tests.PlaylistTests" name="ShouldBeAbleToCreateAPlaylist" time="8.879"/>
</testsuite> <!-- Surefire test -->
