<?xml version="1.0" encoding="UTF-8"?>
<testsuite xmlns:xsi="http://www.w3.org/2001/XMLSchema-instance" xsi:noNamespaceSchemaLocation="https://maven.apache.org/surefire/maven-surefire-plugin/xsd/surefire-test-report-3.0.xsd" version="3.0" name="TestSuite" time="10.058" tests="5" errors="0" skipped="0" failures="0">
  <properties>
[...]
</properties>
  <testcase name="ShouldNotBeAbleToCreateAPlaylistWithExpiredToken" classname="com.spotify.oauth2.tests.PlaylistTests" time="7.812">
    <system-out><![CDATA[Starting Test ShouldBeAbleToGetAPlaylist
Starting Test ShouldNotBeAbleToCreateAPlaylistWithoutName
Starting Test ShouldBeAbleToCreateAPlaylist
Starting Test ShouldNotBeAbleToCreateAPlaylistWithExpiredToken
Starting Test ShouldBeAbleToUpdateAPlaylist
Thread ID 41
Thread ID 37
Thread ID 38
Thread ID 40
Thread ID 39
Renewing token ...
Request method:	POST
Request URI:	https://accounts.spotify.com/api/token
Proxy:			<none>
Request params:	<none>
Query params:	<none>
Form params:	refresh_token=AQBQR-qAqc1dkk14i6BtaOGAQrxWtdCRj7_5JA89L-on-F1hSE9kNn3xfAJOwrwviVoh8Lim_jijbeXO9_gPRic7qA6KkjfsIyeVl1hGKGySnVIb0s4g4ZXEr4XG6WTQgvM
				grant_type=refresh_token
				client_secret=6829631167384279bb053c90bc858131
				client_id=59deaa8c375a44c79ebdbe0699298870
Path params:	<none>
Headers:		Accept=*/*
				Content-Type=application/x-www-form-urlencoded; charset=ISO-8859-1
Cookies:		<none>
Multiparts:		<none>
Body:			<none>
Request method:	POST
Request URI:	https://api.spotify.com/v1/users/31qotpanf4ztpnyrmfra5apfzigy/playlists
Proxy:			<none>
Request params:	<none>
Query params:	<none>
Form params:	<none>
Path params:	<none>
Headers:		Accept=*/*
				Content-Type=application/json
Cookies:		<none>
Multiparts:		<none>
Body:
{
    "description": "Updated Description of POJO Playlist",
    "name": "Playlist with Expired Token",
    "public": false
}
HTTP/1.1 401 Unauthorized
www-authenticate: Bearer realm="spotify", error="invalid_token", error_description="The access token expired"
access-control-allow-origin: *
access-control-allow-headers: Accept, App-Platform, Authorization, Content-Type, Origin, Retry-After, Spotify-App-Version, X-Cloud-Trace-Context, client-token, content-access-token
access-control-allow-methods: GET, POST, OPTIONS, PUT, DELETE, PATCH
access-control-allow-credentials: true
access-control-max-age: 604800
content-type: application/json
content-encoding: gzip
strict-transport-security: max-age=31536000
x-content-type-options: nosniff
date: Sun, 19 Feb 2023 14:22:11 GMT
server: envoy
Via: HTTP/2 edgeproxy, 1.1 google
Alt-Svc: h3=":443"; ma=2592000,h3-29=":443"; ma=2592000
Transfer-Encoding: chunked

{
    "error": {
        "status": 401,
        "message": "The access token expired"
    }
}
HTTP/1.1 200 OK
date: Sun, 19 Feb 2023 14:22:11 GMT
content-type: application/json
vary: Accept-Encoding
set-cookie: __Host-device_id=AQDc_RtPL6Ddb9ohFYINai9XyvemQfm_MEvf427bZaPgZ5BXpBiiehJvdWcott4EwButjCHwfHz4ZuldWL6vXhVZ2sTW0v1_IeY;Version=1;Path=/;Max-Age=2147483647;Secure;HttpOnly;SameSite=Lax
set-cookie: sp_tr=false;Version=1;Domain=accounts.spotify.com;Path=/;Secure;SameSite=Lax
sp-trace-id: c05d408770fa4190
content-encoding: gzip
x-envoy-upstream-service-time: 36
server: envoy
strict-transport-security: max-age=31536000
x-content-type-options: nosniff
Via: HTTP/2 edgeproxy, 1.1 google
Alt-Svc: h3=":443"; ma=2592000,h3-29=":443"; ma=2592000
Transfer-Encoding: chunked

{
    "access_token": "BQAWYB7RkGv8fptWrhQeCzdZ41BZXmY5VUIE__tGWokF3pyekkPZQ0_hClay0lxurFTygxAK9FEDaUzSKPPSWmfUL1Wu2QogMP1Vh0I9np8vM3jo6fq8yzRAdpRTaGTa5b1fX1JzvYht4UMQHkTnn8GKSu8X_l9mJg3W06r69s_DWYQs5fIN4i8Zn6UNhysXsKB6wH2gSgaBdP6BKmthRG9bCMJm01kHNor_0RYozfzYgaB8u3my0gJ3MMlU_ME_GtWrgd7nFiyYkMo_yQ",
    "token_type": "Bearer",
    "expires_in": 3600,
    "scope": "playlist-read-private playlist-read-collaborative playlist-modify-private playlist-modify-public"
}
]]></system-out>
    <system-err><![CDATA[SLF4J: Failed to load class "org.slf4j.impl.StaticLoggerBinder".
SLF4J: Defaulting to no-operation (NOP) logger implementation
SLF4J: See http://www.slf4j.org/codes.html#StaticLoggerBinder for further details.
]]></system-err>
  </testcase>
  <testcase name="ShouldNotBeAbleToCreateAPlaylistWithoutName" classname="com.spotify.oauth2.tests.PlaylistTests" time="8.698">
    <system-out><![CDATA[Token is good to use
Token is good to use
Token is good to use
Request method:	GET
Request URI:	https://api.spotify.com/v1/playlists/69JFaIIw3bm93iNL1m2dyw
Proxy:			<none>
Request params:	<none>
Query params:	<none>
Form params:	<none>
Path params:	<none>
Headers:		Accept=*/*
				Content-Type=application/json
Cookies:		<none>
Multiparts:		<none>
Body:			<none>
Request method:	PUT
Request URI:	https://api.spotify.com/v1/playlists/69JFaIIw3bm93iNL1m2dyw
Proxy:			<none>
Request params:	<none>
Query params:	<none>
Form params:	<none>
Path params:	<none>
Headers:		Accept=*/*
				Content-Type=application/json
Cookies:		<none>
Multiparts:		<none>
Body:
{
    "description": "Updated Description of POJO Playlist 4",
    "name": "Updated POJO Playlist 4",
    "public": false
}
Request method:	POST
Request URI:	https://api.spotify.com/v1/users/31qotpanf4ztpnyrmfra5apfzigy/playlists
Proxy:			<none>
Request params:	<none>
Query params:	<none>
Form params:	<none>
Path params:	<none>
Headers:		Accept=*/*
				Content-Type=application/json
Cookies:		<none>
Multiparts:		<none>
Body:
{
    "description": "Description XP_#,,_&&l",
    "name": "Name -ZVJj_6WC_",
    "public": false
}
Request method:	POST
Request URI:	https://api.spotify.com/v1/users/31qotpanf4ztpnyrmfra5apfzigy/playlists
Proxy:			<none>
Request params:	<none>
Query params:	<none>
Form params:	<none>
Path params:	<none>
Headers:		Accept=*/*
				Content-Type=application/json
Cookies:		<none>
Multiparts:		<none>
Body:
{
    "description": "Updated Description of POJO Playlist 4",
    "name": "",
    "public": false
}
HTTP/1.1 400 Bad Request
content-type: application/json; charset=utf-8
cache-control: private, max-age=0
x-robots-tag: noindex, nofollow
access-control-allow-origin: *
access-control-allow-headers: Accept, App-Platform, Authorization, Content-Type, Origin, Retry-After, Spotify-App-Version, X-Cloud-Trace-Context, client-token, content-access-token
access-control-allow-methods: GET, POST, OPTIONS, PUT, DELETE, PATCH
access-control-allow-credentials: true
access-control-max-age: 604800
content-encoding: gzip
strict-transport-security: max-age=31536000
x-content-type-options: nosniff
date: Sun, 19 Feb 2023 14:22:11 GMT
server: envoy
Via: HTTP/2 edgeproxy, 1.1 google
Alt-Svc: h3=":443"; ma=2592000,h3-29=":443"; ma=2592000
Transfer-Encoding: chunked

{
    "error": {
        "status": 400,
        "message": "Missing required field: name"
    }
}
]]></system-out>
  </testcase>
  <testcase name="ShouldBeAbleToUpdateAPlaylist" classname="com.spotify.oauth2.tests.PlaylistTests" time="8.787">
    <system-out><![CDATA[HTTP/1.1 200 OK
cache-control: private, max-age=0
x-robots-tag: noindex, nofollow
access-control-allow-origin: *
access-control-allow-headers: Accept, App-Platform, Authorization, Content-Type, Origin, Retry-After, Spotify-App-Version, X-Cloud-Trace-Context, client-token, content-access-token
access-control-allow-methods: GET, POST, OPTIONS, PUT, DELETE, PATCH
access-control-allow-credentials: true
access-control-max-age: 604800
Content-Length: 0
strict-transport-security: max-age=31536000
x-content-type-options: nosniff
date: Sun, 19 Feb 2023 14:22:11 GMT
server: envoy
Via: HTTP/2 edgeproxy, 1.1 google
Alt-Svc: h3=":443"; ma=2592000,h3-29=":443"; ma=2592000
]]></system-out>
  </testcase>
  <testcase name="ShouldBeAbleToGetAPlaylist" classname="com.spotify.oauth2.tests.PlaylistTests" time="8.806">
    <system-out><![CDATA[HTTP/1.1 200 OK
content-type: application/json; charset=utf-8
cache-control: public, max-age=0
etag: "MC-ImE4YWVlMjQwOTMzYjhjNzNjODkxNTI4ZjUwMWYwNjI0Ig=="
x-robots-tag: noindex, nofollow
access-control-allow-origin: *
access-control-allow-headers: Accept, App-Platform, Authorization, Content-Type, Origin, Retry-After, Spotify-App-Version, X-Cloud-Trace-Context, client-token, content-access-token
access-control-allow-methods: GET, POST, OPTIONS, PUT, DELETE, PATCH
access-control-allow-credentials: true
access-control-max-age: 604800
content-encoding: gzip
strict-transport-security: max-age=31536000
x-content-type-options: nosniff
date: Sun, 19 Feb 2023 14:22:12 GMT
server: envoy
Via: HTTP/2 edgeproxy, 1.1 google
Alt-Svc: h3=":443"; ma=2592000,h3-29=":443"; ma=2592000
Transfer-Encoding: chunked

{
    "collaborative": false,
    "description": "Updated Description of POJO Playlist 4",
    "external_urls": {
        "spotify": "https://open.spotify.com/playlist/69JFaIIw3bm93iNL1m2dyw"
    },
    "followers": {
        "href": null,
        "total": 0
    },
    "href": "https://api.spotify.com/v1/playlists/69JFaIIw3bm93iNL1m2dyw",
    "id": "69JFaIIw3bm93iNL1m2dyw",
    "images": [
        
    ],
    "name": "Updated POJO Playlist 4",
    "owner": {
        "display_name": "Mohit Singh",
        "external_urls": {
            "spotify": "https://open.spotify.com/user/31qotpanf4ztpnyrmfra5apfzigy"
        },
        "href": "https://api.spotify.com/v1/users/31qotpanf4ztpnyrmfra5apfzigy",
        "id": "31qotpanf4ztpnyrmfra5apfzigy",
        "type": "user",
        "uri": "spotify:user:31qotpanf4ztpnyrmfra5apfzigy"
    },
    "primary_color": null,
    "public": false,
    "snapshot_id": "NSw0NmFhYTY1ZDI3MjU1MGMwNGIyZmMwOGM0ZWQ2OWRlYTMwOTFjMzgz",
    "tracks": {
        "href": "https://api.spotify.com/v1/playlists/69JFaIIw3bm93iNL1m2dyw/tracks?offset=0&limit=100",
        "items": [
            
        ],
        "limit": 100,
        "next": null,
        "offset": 0,
        "previous": null,
        "total": 0
    },
    "type": "playlist",
    "uri": "spotify:playlist:69JFaIIw3bm93iNL1m2dyw"
}
]]></system-out>
  </testcase>
  <testcase name="ShouldBeAbleToCreateAPlaylist" classname="com.spotify.oauth2.tests.PlaylistTests" time="8.878">
    <system-out><![CDATA[HTTP/1.1 201 Created
content-type: application/json; charset=utf-8
cache-control: private, max-age=0
location: https://api.spotify.com/v1/playlists/3JGTouhfPj99JfJaPtvSBp
x-robots-tag: noindex, nofollow
access-control-allow-origin: *
access-control-allow-headers: Accept, App-Platform, Authorization, Content-Type, Origin, Retry-After, Spotify-App-Version, X-Cloud-Trace-Context, client-token, content-access-token
access-control-allow-methods: GET, POST, OPTIONS, PUT, DELETE, PATCH
access-control-allow-credentials: true
access-control-max-age: 604800
content-encoding: gzip
strict-transport-security: max-age=31536000
x-content-type-options: nosniff
date: Sun, 19 Feb 2023 14:22:12 GMT
server: envoy
Via: HTTP/2 edgeproxy, 1.1 google
Alt-Svc: h3=":443"; ma=2592000,h3-29=":443"; ma=2592000
Transfer-Encoding: chunked

{
    "collaborative": false,
    "description": "Description XP_#,,_&&l",
    "external_urls": {
        "spotify": "https://open.spotify.com/playlist/3JGTouhfPj99JfJaPtvSBp"
    },
    "followers": {
        "href": null,
        "total": 0
    },
    "href": "https://api.spotify.com/v1/playlists/3JGTouhfPj99JfJaPtvSBp",
    "id": "3JGTouhfPj99JfJaPtvSBp",
    "images": [
        
    ],
    "name": "Name -ZVJj_6WC_",
    "owner": {
        "display_name": "Mohit Singh",
        "external_urls": {
            "spotify": "https://open.spotify.com/user/31qotpanf4ztpnyrmfra5apfzigy"
        },
        "href": "https://api.spotify.com/v1/users/31qotpanf4ztpnyrmfra5apfzigy",
        "id": "31qotpanf4ztpnyrmfra5apfzigy",
        "type": "user",
        "uri": "spotify:user:31qotpanf4ztpnyrmfra5apfzigy"
    },
    "primary_color": null,
    "public": false,
    "snapshot_id": "MSw0NGEzMTBmODE3OWY4MWU0OGJlYjg2YjNkNDVjZTRjNGYxYWMzYjY2",
    "tracks": {
        "href": "https://api.spotify.com/v1/playlists/3JGTouhfPj99JfJaPtvSBp/tracks",
        "items": [
            
        ],
        "limit": 100,
        "next": null,
        "offset": 0,
        "previous": null,
        "total": 0
    },
    "type": "playlist",
    "uri": "spotify:playlist:3JGTouhfPj99JfJaPtvSBp"
}
The ID of the created Playlist is 3JGTouhfPj99JfJaPtvSBp
3JGTouhfPj99JfJaPtvSBp
]]></system-out>
  </testcase>
</testsuite>